#
# There is insufficient memory for the Java Runtime Environment to continue.
# Native memory allocation (malloc) failed to allocate 1048576 bytes for AllocateHeap
# Possible reasons:
#   The system is out of physical RAM or swap space
#   In 32 bit mode, the process size limit was hit
# Possible solutions:
#   Reduce memory load on the system
#   Increase physical memory or swap space
#   Check if swap backing store is full
#   Use 64 bit Java on a 64 bit OS
#   Decrease Java heap size (-Xmx/-Xms)
#   Decrease number of Java threads
#   Decrease Java thread stack sizes (-Xss)
#   Set larger code cache with -XX:ReservedCodeCacheSize=
# This output file may be truncated or incomplete.
#
#  Out of Memory Error (memory/allocation.inline.hpp:61), pid=9828, tid=0x00000000000022d4
#
# JRE version:  (8.0_101-b13) (build )
# Java VM: Java HotSpot(TM) 64-Bit Server VM (25.101-b13 mixed mode windows-amd64 compressed oops)
# Failed to write core dump. Minidumps are not enabled by default on client versions of Windows
#

---------------  T H R E A D  ---------------

Current thread (0x00000000027f0800):  JavaThread "Unknown thread" [_thread_in_vm, id=8916, stack(0x00000000025f0000,0x00000000026f0000)]

Stack: [0x00000000025f0000,0x00000000026f0000]
[error occurred during error reporting (printing stack bounds), id 0xc0000005]

Native frames: (J=compiled Java code, j=interpreted, Vv=VM code, C=native code)


---------------  P R O C E S S  ---------------

Java Threads: ( => current thread )

Other Threads:

=>0x00000000027f0800 (exited) JavaThread "Unknown thread" [_thread_in_vm, id=8916, stack(0x00000000025f0000,0x00000000026f0000)]

VM state:not at safepoint (normal execution)

VM Mutex/Monitor currently owned by a thread: None

Heap:
 PSYoungGen      total 18432K, used 317K [0x00000000eab00000, 0x00000000ebf80000, 0x0000000100000000)
  eden space 15872K, 2% used [0x00000000eab00000,0x00000000eab4f5d0,0x00000000eba80000)
  from space 2560K, 0% used [0x00000000ebd00000,0x00000000ebd00000,0x00000000ebf80000)
  to   space 2560K, 0% used [0x00000000eba80000,0x00000000eba80000,0x00000000ebd00000)
 ParOldGen       total 42496K, used 0K [0x00000000c0000000, 0x00000000c2980000, 0x00000000eab00000)
  object space 42496K, 0% used [0x00000000c0000000,0x00000000c0000000,0x00000000c2980000)
 Metaspace       used 769K, capacity 4480K, committed 4480K, reserved 1056768K
  class space    used 75K, capacity 384K, committed 384K, reserved 1048576K

Card table byte_map: [0x0000000011cb0000,0x0000000011ec0000] byte_map_base: 0x00000000116b0000

Marking Bits: (ParMarkBitMap*) 0x000000005e84a6d0
 Begin Bits: [0x0000000012420000, 0x0000000013420000)
 End Bits:   [0x0000000013420000, 0x0000000014420000)

Polling page: 0x0000000000e40000

CodeCache: size=245760Kb used=328Kb max_used=328Kb free=245431Kb
 bounds [0x00000000028f0000, 0x0000000002b60000, 0x00000000118f0000]
 total_blobs=58 nmethods=0 adapters=38
 compilation: enabled

Compilation events (0 events):
No events

GC Heap History (0 events):
No events

Deoptimization events (0 events):
No events

Internal exceptions (0 events):
No events

Events (10 events):
Event: 0.088 loading class java/lang/Short
Event: 0.088 loading class java/lang/Short done
Event: 0.088 loading class java/lang/Integer
Event: 0.088 loading class java/lang/Integer done
Event: 0.088 loading class java/lang/Long
Event: 0.088 loading class java/lang/Long done
Event: 0.091 loading class java/lang/NullPointerException
Event: 0.091 loading class java/lang/NullPointerException done
Event: 0.091 loading class java/lang/ArithmeticException
Event: 0.091 loading class java/lang/ArithmeticException done


Dynamic libraries:
0x00007ff7b24b0000 - 0x00007ff7b24e7000 	C:\Program Files\Java\jdk1.8.0_101\bin\java.exe
0x00007fff30ee0000 - 0x00007fff310b1000 	C:\Windows\SYSTEM32\ntdll.dll
0x00007fff30c00000 - 0x00007fff30cab000 	C:\Windows\System32\KERNEL32.DLL
0x00007fff2d440000 - 0x00007fff2d65d000 	C:\Windows\System32\KERNELBASE.dll
0x00007fff2eaa0000 - 0x00007fff2eb42000 	C:\Windows\System32\ADVAPI32.dll
0x00007fff2f060000 - 0x00007fff2f0fe000 	C:\Windows\System32\msvcrt.dll
0x00007fff2f2f0000 - 0x00007fff2f349000 	C:\Windows\System32\sechost.dll
0x00007fff30cb0000 - 0x00007fff30dd1000 	C:\Windows\System32\RPCRT4.dll
0x00007fff2eb50000 - 0x00007fff2ecb5000 	C:\Windows\System32\USER32.dll
0x00007fff2da80000 - 0x00007fff2da9e000 	C:\Windows\System32\win32u.dll
0x00007fff2eff0000 - 0x00007fff2f024000 	C:\Windows\System32\GDI32.dll
0x00007fff2e280000 - 0x00007fff2e402000 	C:\Windows\System32\gdi32full.dll
0x00007fff26090000 - 0x00007fff2630a000 	C:\Windows\WinSxS\amd64_microsoft.windows.common-controls_6595b64144ccf1df_6.0.14393.351_none_4213128bc687e6d3\COMCTL32.dll
0x00007fff30870000 - 0x00007fff30b37000 	C:\Windows\System32\combase.dll
0x00007fff2e180000 - 0x00007fff2e275000 	C:\Windows\System32\ucrtbase.dll
0x00007fff2d3d0000 - 0x00007fff2d43a000 	C:\Windows\System32\bcryptPrimitives.dll
0x00007fff2f030000 - 0x00007fff2f05e000 	C:\Windows\System32\IMM32.DLL
0x000000005e8d0000 - 0x000000005e9a2000 	C:\Program Files\Java\jdk1.8.0_101\jre\bin\msvcr100.dll
0x000000005e030000 - 0x000000005e8ca000 	C:\Program Files\Java\jdk1.8.0_101\jre\bin\server\jvm.dll
0x00007fff2efe0000 - 0x00007fff2efe8000 	C:\Windows\System32\PSAPI.DLL
0x00007fff0fca0000 - 0x00007fff0fca9000 	C:\Windows\SYSTEM32\WSOCK32.dll
0x00007fff2ecc0000 - 0x00007fff2ed2a000 	C:\Windows\System32\WS2_32.dll
0x00007fff2b800000 - 0x00007fff2b823000 	C:\Windows\SYSTEM32\WINMM.dll
0x00007fff277c0000 - 0x00007fff277ca000 	C:\Windows\SYSTEM32\VERSION.dll
0x00007fff2b770000 - 0x00007fff2b79b000 	C:\Windows\SYSTEM32\WINMMBASE.dll
0x00007fff2da30000 - 0x00007fff2da72000 	C:\Windows\System32\cfgmgr32.dll
0x000000005e020000 - 0x000000005e02f000 	C:\Program Files\Java\jdk1.8.0_101\jre\bin\verify.dll
0x000000005dff0000 - 0x000000005e019000 	C:\Program Files\Java\jdk1.8.0_101\jre\bin\java.dll
0x000000005dfd0000 - 0x000000005dfe6000 	C:\Program Files\Java\jdk1.8.0_101\jre\bin\zip.dll

VM Arguments:
jvm_args: -Djava.awt.headless=true -Xmx1024M -Dfile.encoding=windows-1252 -Duser.country=FR -Duser.language=fr -Duser.variant 
java_command: com.android.dx.command.Main --dex --force-jumbo --num-threads=4 --multi-dex --output C:\Users\charl\AndroidStudioProjects\Skol\app\build\intermediates\transforms\dex\debug\folders\1000\5\slice_6 C:\Users\charl\AndroidStudioProjects\Skol\app\build\intermediates\transforms\instantRunSlicer\debug\folders\1\5\slice_6
java_class_path (initial): C:\Users\charl\AppData\Local\Android\sdk\build-tools\23.0.3\lib\dx.jar
Launcher Type: SUN_STANDARD

Environment Variables:
PATH=C:\ProgramData\Oracle\Java\javapath;C:\Windows\system32;C:\Windows;C:\Windows\System32\Wbem;C:\Windows\System32\WindowsPowerShell\v1.0\;C:\Program Files (x86)\NVIDIA Corporation\PhysX\Common;C:\Program Files (x86)\Windows Live\Shared;C:\Users\charl\AppData\Local\Microsoft\WindowsApps;C:\Users\charl\AppData\Local\atom\bin
USERNAME=charl
OS=Windows_NT
PROCESSOR_IDENTIFIER=Intel64 Family 6 Model 58 Stepping 9, GenuineIntel



---------------  S Y S T E M  ---------------

OS: Windows 10.0 , 64 bit Build 14393 (10.0.14393.0)

CPU:total 4 (2 cores per cpu, 2 threads per core) family 6 model 58 stepping 9, cmov, cx8, fxsr, mmx, sse, sse2, sse3, ssse3, sse4.1, sse4.2, popcnt, avx, aes, clmul, erms, ht, tsc, tscinvbit, tscinv

Memory: 4k page, physical 4001048k(82308k free), swap 16059672k(5632k free)

vm_info: Java HotSpot(TM) 64-Bit Server VM (25.101-b13) for windows-amd64 JRE (1.8.0_101-b13), built on Jun 22 2016 01:21:29 by "java_re" with MS VC++ 10.0 (VS2010)

time: Fri Nov 11 12:42:14 2016
elapsed time: 0 seconds (0d 0h 0m 0s)

